<?xml version="1.0" encoding="UTF-8"?>
<!-- Generated by org.testng.reporters.JUnitReportReporter -->
<testsuite skipped="0" hostname="DESKTOP-S2ULREL" name="TestCASES.LoginPageTest" tests="1" failures="0" timestamp="2019-09-21T13:53:11 PDT" time="31.731" errors="0">
  <testcase name="loginTest" time="31.731" classname="TestCASES.LoginPageTest"/>
</testsuite> <!-- TestCASES.LoginPageTest -->
